<?xml version="1.0" encoding="UTF-8"?>
<testsuite xmlns:xsi="http://www.w3.org/2001/XMLSchema-instance" xsi:noNamespaceSchemaLocation="https://maven.apache.org/surefire/maven-surefire-plugin/xsd/surefire-test-report-3.0.xsd" version="3.0" name="Test.TestJunit" time="1.984" tests="5" errors="0" skipped="0" failures="2">
  <properties>
[...]
</properties>
  <testcase name="testDatabaseConnectionConnected" classname="Test.TestJunit" time="0.828"/>
  <testcase name="testLogin" classname="Test.TestJunit" time="0.107">
    <failure message="expected:&lt;true&gt; but was:&lt;false&gt;" type="java.lang.AssertionError"><![CDATA[java.lang.AssertionError: expected:<true> but was:<false>
	at Test.TestJunit.testLogin(TestJunit.java:79)
]]></failure>
    <system-out><![CDATA[if 1search-false
]]></system-out>
  </testcase>
  <testcase name="testRegistration" classname="Test.TestJunit" time="0.653"/>
  <testcase name="testLoginDelete" classname="Test.TestJunit" time="0.251"/>
  <testcase name="testLoginUpdate" classname="Test.TestJunit" time="0.011">
    <failure message="expected:&lt;true&gt; but was:&lt;false&gt;" type="java.lang.AssertionError"><![CDATA[java.lang.AssertionError: expected:<true> but was:<false>
	at Test.TestJunit.testLoginUpdate(TestJunit.java:73)
]]></failure>
  </testcase>
</testsuite>